生成启动时间为 2020/4/16 13:24:50。
     1>项目“E:\Ice_bitwork\bit-githup\Cpp_code\Pro_OJ(cpp.)\Pro_OJ(cpp.)\Pro_OJ(cpp.).vcxproj”在节点 2 上(Build 个目标)。
     1>ClCompile:
         E:\Program Files (x86)\Microsoft Visual Studio 12.0\VC\bin\CL.exe /c /ZI /nologo /W3 /WX- /sdl /Od /Oy- /D _MBCS /Gm /EHsc /RTC1 /MDd /GS /fp:precise /Zc:wchar_t /Zc:forScope /Fo"Debug\\" /Fd"Debug\vc120.pdb" /Gd /TP /analyze- /errorReport:prompt Test.cpp
         Test.cpp
     1>e:\ice_bitwork\bit-githup\cpp_code\pro_oj(cpp.)\pro_oj(cpp.)\test.cpp(28): error C2065: “vt”: 未声明的标识符
     1>e:\ice_bitwork\bit-githup\cpp_code\pro_oj(cpp.)\pro_oj(cpp.)\test.cpp(28): error C2228: “.begin”的左边必须有类/结构/联合
                 类型是“unknown-type”
     1>e:\ice_bitwork\bit-githup\cpp_code\pro_oj(cpp.)\pro_oj(cpp.)\test.cpp(28): error C2228: “.end”的左边必须有类/结构/联合
                 类型是“unknown-type”
     1>e:\ice_bitwork\bit-githup\cpp_code\pro_oj(cpp.)\pro_oj(cpp.)\test.cpp(28): error C2780: “void std::sort(_RanIt,_RanIt)”: 应输入 2 个参数，却提供了 1 个
                 e:\program files (x86)\microsoft visual studio 12.0\vc\include\algorithm(3162) : 参见“std::sort”的声明
     1>e:\ice_bitwork\bit-githup\cpp_code\pro_oj(cpp.)\pro_oj(cpp.)\test.cpp(28): error C2780: “void std::sort(_RanIt,_RanIt,_Pr)”: 应输入 3 个参数，却提供了 1 个
                 e:\program files (x86)\microsoft visual studio 12.0\vc\include\algorithm(3153) : 参见“std::sort”的声明
     1>e:\ice_bitwork\bit-githup\cpp_code\pro_oj(cpp.)\pro_oj(cpp.)\test.cpp(31): error C2065: “vt”: 未声明的标识符
     1>已完成生成项目“E:\Ice_bitwork\bit-githup\Cpp_code\Pro_OJ(cpp.)\Pro_OJ(cpp.)\Pro_OJ(cpp.).vcxproj”(Build 个目标)的操作 - 失败。

生成失败。

已用时间 00:00:00.25
